<?xml version="1.0" encoding="UTF-8"?>
<!-- Generated by org.testng.reporters.JUnitReportReporter -->
<testsuite hostname="TestVagrants-MacBook-Pro.local" failures="0" tests="2" name="com.automation.Automation2.fileUploadPopup" time="40.326" errors="0" timestamp="2024-10-11T12:24:49 IST" skipped="0">
  <testcase classname="com.automation.Automation2.fileUploadPopup" name="fileUploadPopup" time="15.359"/>
  <testcase classname="com.automation.Automation2.fileUploadPopup" name="fileUploadPopup" time="24.967"/>
</testsuite> <!-- com.automation.Automation2.fileUploadPopup -->
