<?xml version="1.0" encoding="UTF-8"?>
<!-- Generated by org.testng.reporters.JUnitReportReporter -->
<testsuite hostname="TestVagrants-MacBook-Pro.local" failures="0" tests="2" name="com.automation.Automation2.toolTipUsingMouseHover" time="20.414" errors="0" timestamp="2024-10-14T11:27:50 IST" skipped="0">
  <testcase classname="com.automation.Automation2.toolTipUsingMouseHover" name="toolTipUsingMouseHover" time="7.434"/>
  <testcase classname="com.automation.Automation2.toolTipUsingMouseHover" name="toolTipUsingMouseHover" time="12.980"/>
</testsuite> <!-- com.automation.Automation2.toolTipUsingMouseHover -->
