<?xml version="1.0" encoding="UTF-8"?>
<!-- Generated by org.testng.reporters.JUnitReportReporter -->
<testsuite hostname="TestVagrants-MacBook-Pro.local" failures="0" tests="1" name="com.automation.Automation2.printAllAutoSuggestions" time="13.930" errors="0" timestamp="2024-10-12T22:42:35 IST" skipped="0">
  <testcase classname="com.automation.Automation2.printAllAutoSuggestions" name="printAllSughestions" time="13.930"/>
</testsuite> <!-- com.automation.Automation2.printAllAutoSuggestions -->
