<?xml version="1.0" encoding="UTF-8"?>
<!-- Generated by org.testng.reporters.JUnitReportReporter -->
<testsuite hostname="TestVagrants-MacBook-Pro.local" failures="0" tests="2" name="com.automation.Automation2.dragAndDrop" time="29.346" errors="0" timestamp="2024-10-14T11:27:50 IST" skipped="0">
  <testcase classname="com.automation.Automation2.dragAndDrop" name="dragAndDrop" time="10.501"/>
  <testcase classname="com.automation.Automation2.dragAndDrop" name="dragAndDrop" time="18.845"/>
</testsuite> <!-- com.automation.Automation2.dragAndDrop -->
