<?xml version="1.0" encoding="UTF-8"?>
<!-- Generated by org.testng.reporters.JUnitReportReporter -->
<testsuite hostname="TestVagrants-MacBook-Pro.local" failures="0" tests="2" name="com.automation.Automation2.slideBar" time="58.724" errors="0" timestamp="2024-10-11T12:24:49 IST" skipped="0">
  <testcase classname="com.automation.Automation2.slideBar" name="slideBar" time="12.289"/>
  <testcase classname="com.automation.Automation2.slideBar" name="slideBar" time="46.435"/>
</testsuite> <!-- com.automation.Automation2.slideBar -->
