<?xml version="1.0" encoding="UTF-8"?>
<!-- Generated by org.testng.reporters.JUnitReportReporter -->
<testsuite hostname="TestVagrants-MacBook-Pro.local" failures="0" tests="2" name="com.automation.Automation2.dragAndDrop" time="28.919" errors="0" timestamp="2024-10-14T12:44:55 IST" skipped="0">
  <testcase classname="com.automation.Automation2.dragAndDrop" name="dragAndDrop" time="10.990"/>
  <testcase classname="com.automation.Automation2.dragAndDrop" name="dragAndDrop" time="17.929"/>
</testsuite> <!-- com.automation.Automation2.dragAndDrop -->
