<?xml version="1.0" encoding="UTF-8"?>
<!-- Generated by org.testng.reporters.JUnitReportReporter -->
<testsuite hostname="TestVagrants-MacBook-Pro.local" failures="0" tests="2" name="com.automation.Automation2.HiddenDivision" time="23.675" errors="0" timestamp="2024-10-14T12:44:55 IST" skipped="0">
  <testcase classname="com.automation.Automation2.HiddenDivision" name="HiddenDivision" time="14.463"/>
  <testcase classname="com.automation.Automation2.HiddenDivision" name="HiddenDivision" time="9.212"/>
</testsuite> <!-- com.automation.Automation2.HiddenDivision -->
