<?xml version="1.0" encoding="UTF-8"?>
<!-- Generated by org.testng.reporters.JUnitReportReporter -->
<testsuite hostname="TestVagrants-MacBook-Pro.local" failures="0" tests="2" name="com.automation.Automation2.dragandDropMultiple" time="24.352" errors="0" timestamp="2024-10-14T12:44:55 IST" skipped="0">
  <testcase classname="com.automation.Automation2.dragandDropMultiple" name="dragandDropMultiple" time="15.917"/>
  <testcase classname="com.automation.Automation2.dragandDropMultiple" name="dragandDropMultiple" time="8.435"/>
</testsuite> <!-- com.automation.Automation2.dragandDropMultiple -->
