<?xml version="1.0" encoding="UTF-8"?>
<!-- Generated by org.testng.reporters.JUnitReportReporter -->
<testsuite hostname="TestVagrants-MacBook-Pro.local" failures="0" tests="2" name="com.automation.Automation2.scrollingToElement" time="28.724" errors="0" timestamp="2024-10-14T12:44:55 IST" skipped="0">
  <testcase classname="com.automation.Automation2.scrollingToElement" name="scrollingToElement" time="7.982"/>
  <testcase classname="com.automation.Automation2.scrollingToElement" name="scrollingToElement" time="20.742"/>
</testsuite> <!-- com.automation.Automation2.scrollingToElement -->
